<?xml version="1.0" encoding="UTF-8"?>
<testsuite name="com.poyo.springboot.web.dto.HelloResponseDtoTest" tests="1" skipped="0" failures="0" errors="0" timestamp="2023-01-29T08:14:13" hostname="JGYui-MacBookAir.local" time="0.049">
  <properties/>
  <testcase name="롬복_기능_테스트" classname="com.poyo.springboot.web.dto.HelloResponseDtoTest" time="0.049"/>
  <system-out><![CDATA[]]></system-out>
  <system-err><![CDATA[]]></system-err>
</testsuite>
