<?xml version="1.0" encoding="UTF-8"?>
<testsuite name="com.poyo.springboot.domain.posts.PostsRepositoryTest" tests="2" skipped="0" failures="0" errors="0" timestamp="2023-01-29T08:14:24" hostname="JGYui-MacBookAir.local" time="0.071">
  <properties/>
  <testcase name="게시글저장_불러오기" classname="com.poyo.springboot.domain.posts.PostsRepositoryTest" time="0.05"/>
  <testcase name="BaseTimeEntity_등록" classname="com.poyo.springboot.domain.posts.PostsRepositoryTest" time="0.019"/>
  <system-out><![CDATA[2023-01-29 17:14:22.122  INFO 1567 --- [    Test worker] .b.t.c.SpringBootTestContextBootstrapper : Neither @ContextConfiguration nor @ContextHierarchy found for test class [com.poyo.springboot.domain.posts.PostsRepositoryTest], using SpringBootContextLoader
2023-01-29 17:14:22.124  INFO 1567 --- [    Test worker] o.s.t.c.support.AbstractContextLoader    : Could not detect default resource locations for test class [com.poyo.springboot.domain.posts.PostsRepositoryTest]: no resource found for suffixes {-context.xml, Context.groovy}.
2023-01-29 17:14:22.124  INFO 1567 --- [    Test worker] t.c.s.AnnotationConfigContextLoaderUtils : Could not detect default configuration classes for test class [com.poyo.springboot.domain.posts.PostsRepositoryTest]: PostsRepositoryTest does not declare any static, non-private, non-final, nested classes annotated with @Configuration.
2023-01-29 17:14:22.148  INFO 1567 --- [    Test worker] .b.t.c.SpringBootTestContextBootstrapper : Found @SpringBootConfiguration com.poyo.springboot.Application for test class com.poyo.springboot.domain.posts.PostsRepositoryTest
2023-01-29 17:14:22.157  INFO 1567 --- [    Test worker] .b.t.c.SpringBootTestContextBootstrapper : Loaded default TestExecutionListener class names from location [META-INF/spring.factories]: [org.springframework.security.test.context.support.WithSecurityContextTestExecutionListener, org.springframework.security.test.context.support.ReactorContextTestExecutionListener, org.springframework.boot.test.autoconfigure.restdocs.RestDocsTestExecutionListener, org.springframework.boot.test.autoconfigure.web.client.MockRestServiceServerResetTestExecutionListener, org.springframework.boot.test.autoconfigure.web.servlet.MockMvcPrintOnlyOnFailureTestExecutionListener, org.springframework.boot.test.autoconfigure.web.servlet.WebDriverTestExecutionListener, org.springframework.boot.test.mock.mockito.MockitoTestExecutionListener, org.springframework.boot.test.mock.mockito.ResetMocksTestExecutionListener, org.springframework.test.context.web.ServletTestExecutionListener, org.springframework.test.context.support.DirtiesContextBeforeModesTestExecutionListener, org.springframework.test.context.support.DependencyInjectionTestExecutionListener, org.springframework.test.context.support.DirtiesContextTestExecutionListener, org.springframework.test.context.transaction.TransactionalTestExecutionListener, org.springframework.test.context.jdbc.SqlScriptsTestExecutionListener]
2023-01-29 17:14:22.158  INFO 1567 --- [    Test worker] .b.t.c.SpringBootTestContextBootstrapper : Using TestExecutionListeners: [org.springframework.test.context.web.ServletTestExecutionListener@645b431d, org.springframework.test.context.support.DirtiesContextBeforeModesTestExecutionListener@c13a32, org.springframework.boot.test.mock.mockito.MockitoTestExecutionListener@5f5e1782, org.springframework.boot.test.autoconfigure.SpringBootDependencyInjectionTestExecutionListener@50ea7d10, org.springframework.test.context.support.DirtiesContextTestExecutionListener@6e179fbb, org.springframework.test.context.transaction.TransactionalTestExecutionListener@670e38e1, org.springframework.test.context.jdbc.SqlScriptsTestExecutionListener@48c3c185, org.springframework.security.test.context.support.WithSecurityContextTestExecutionListener@4bc22770, org.springframework.security.test.context.support.ReactorContextTestExecutionListener@197a93f4, org.springframework.boot.test.autoconfigure.restdocs.RestDocsTestExecutionListener@f25790a, org.springframework.boot.test.autoconfigure.web.client.MockRestServiceServerResetTestExecutionListener@593c5e82, org.springframework.boot.test.autoconfigure.web.servlet.MockMvcPrintOnlyOnFailureTestExecutionListener@31f1b72, org.springframework.boot.test.autoconfigure.web.servlet.WebDriverTestExecutionListener@4eb7cdd6, org.springframework.boot.test.mock.mockito.ResetMocksTestExecutionListener@6a7e0023]

  .   ____          _            __ _ _
 /\\ / ___'_ __ _ _(_)_ __  __ _ \ \ \ \
( ( )\___ | '_ | '_| | '_ \/ _` | \ \ \ \
 \\/  ___)| |_)| | | | | || (_| |  ) ) ) )
  '  |____| .__|_| |_|_| |_\__, | / / / /
 =========|_|==============|___/=/_/_/_/
 :: Spring Boot ::        (v2.1.7.RELEASE)

2023-01-29 17:14:22.217  INFO 1567 --- [    Test worker] c.p.s.domain.posts.PostsRepositoryTest   : Starting PostsRepositoryTest on JGYui-MacBookAir.local with PID 1567 (started by jgy in /Users/jgy/project/springboot-webservice)
2023-01-29 17:14:22.219  INFO 1567 --- [    Test worker] c.p.s.domain.posts.PostsRepositoryTest   : No active profile set, falling back to default profiles: default
2023-01-29 17:14:22.603  INFO 1567 --- [    Test worker] .s.d.r.c.RepositoryConfigurationDelegate : Bootstrapping Spring Data repositories in DEFAULT mode.
2023-01-29 17:14:22.640  INFO 1567 --- [    Test worker] .s.d.r.c.RepositoryConfigurationDelegate : Finished Spring Data repository scanning in 36ms. Found 2 repository interfaces.
2023-01-29 17:14:22.845  INFO 1567 --- [    Test worker] trationDelegate$BeanPostProcessorChecker : Bean 'org.springframework.transaction.annotation.ProxyTransactionManagementConfiguration' of type [org.springframework.transaction.annotation.ProxyTransactionManagementConfiguration$$EnhancerBySpringCGLIB$$6e7a4337] is not eligible for getting processed by all BeanPostProcessors (for example: not eligible for auto-proxying)
2023-01-29 17:14:22.937  INFO 1567 --- [    Test worker] com.zaxxer.hikari.HikariDataSource       : HikariPool-2 - Starting...
2023-01-29 17:14:22.940  INFO 1567 --- [    Test worker] com.zaxxer.hikari.HikariDataSource       : HikariPool-2 - Start completed.
2023-01-29 17:14:22.958  INFO 1567 --- [    Test worker] o.hibernate.jpa.internal.util.LogHelper  : HHH000204: Processing PersistenceUnitInfo [
	name: default
	...]
2023-01-29 17:14:22.967  INFO 1567 --- [    Test worker] org.hibernate.dialect.Dialect            : HHH000400: Using dialect: org.hibernate.dialect.MySQL5InnoDBDialect
Hibernate: drop table if exists posts
Hibernate: drop table if exists user
Hibernate: create table posts (id bigint not null auto_increment, created_date datetime, modified_date datetime, author varchar(255), content TEXT not null, title varchar(500) not null, primary key (id)) engine=InnoDB
Hibernate: create table user (id bigint not null auto_increment, created_date datetime, modified_date datetime, email varchar(255) not null, name varchar(255) not null, picture varchar(255), role varchar(255) not null, primary key (id)) engine=InnoDB
2023-01-29 17:14:23.054  INFO 1567 --- [    Test worker] o.h.t.schema.internal.SchemaCreatorImpl  : HHH000476: Executing import script 'org.hibernate.tool.schema.internal.exec.ScriptSourceInputNonExistentImpl@16465e2a'
2023-01-29 17:14:23.055  INFO 1567 --- [    Test worker] j.LocalContainerEntityManagerFactoryBean : Initialized JPA EntityManagerFactory for persistence unit 'default'
2023-01-29 17:14:23.471  INFO 1567 --- [    Test worker] o.h.h.i.QueryTranslatorFactoryInitiator  : HHH000397: Using ASTQueryTranslatorFactory
2023-01-29 17:14:23.632  INFO 1567 --- [    Test worker] o.s.s.web.DefaultSecurityFilterChain     : Creating filter chain: any request, [org.springframework.security.web.context.request.async.WebAsyncManagerIntegrationFilter@697f3387, org.springframework.security.web.context.SecurityContextPersistenceFilter@50f42737, org.springframework.security.web.header.HeaderWriterFilter@aad8e1d, org.springframework.security.web.authentication.logout.LogoutFilter@44bb5c29, org.springframework.security.oauth2.client.web.OAuth2AuthorizationRequestRedirectFilter@3e80035c, org.springframework.security.oauth2.client.web.OAuth2LoginAuthenticationFilter@577bba2a, org.springframework.security.web.authentication.ui.DefaultLoginPageGeneratingFilter@35871831, org.springframework.security.web.authentication.ui.DefaultLogoutPageGeneratingFilter@3a4cd332, org.springframework.security.web.savedrequest.RequestCacheAwareFilter@38c16d3f, org.springframework.security.web.servletapi.SecurityContextHolderAwareRequestFilter@5e7ad15c, org.springframework.security.web.authentication.AnonymousAuthenticationFilter@4e8adc4, org.springframework.security.web.session.SessionManagementFilter@40356476, org.springframework.security.web.access.ExceptionTranslationFilter@4275450b, org.springframework.security.web.access.intercept.FilterSecurityInterceptor@12c83517]
2023-01-29 17:14:24.029  INFO 1567 --- [    Test worker] o.s.s.concurrent.ThreadPoolTaskExecutor  : Initializing ExecutorService 'applicationTaskExecutor'
2023-01-29 17:14:24.046  WARN 1567 --- [    Test worker] aWebConfiguration$JpaWebMvcConfiguration : spring.jpa.open-in-view is enabled by default. Therefore, database queries may be performed during view rendering. Explicitly configure spring.jpa.open-in-view to disable this warning
2023-01-29 17:14:24.089  INFO 1567 --- [    Test worker] o.s.b.a.w.s.WelcomePageHandlerMapping    : Adding welcome page template: index
2023-01-29 17:14:24.424  INFO 1567 --- [    Test worker] s.a.ScheduledAnnotationBeanPostProcessor : No TaskScheduler/ScheduledExecutorService bean found for scheduled processing
2023-01-29 17:14:24.428  INFO 1567 --- [    Test worker] c.p.s.domain.posts.PostsRepositoryTest   : Started PostsRepositoryTest in 2.268 seconds (JVM running for 15.594)
Hibernate: insert into posts (created_date, modified_date, author, content, title) values (?, ?, ?, ?, ?)
Hibernate: select posts0_.id as id1_0_, posts0_.created_date as created_2_0_, posts0_.modified_date as modified3_0_, posts0_.author as author4_0_, posts0_.content as content5_0_, posts0_.title as title6_0_ from posts posts0_
Hibernate: select posts0_.id as id1_0_, posts0_.created_date as created_2_0_, posts0_.modified_date as modified3_0_, posts0_.author as author4_0_, posts0_.content as content5_0_, posts0_.title as title6_0_ from posts posts0_
Hibernate: delete from posts where id=?
Hibernate: insert into posts (created_date, modified_date, author, content, title) values (?, ?, ?, ?, ?)
Hibernate: select posts0_.id as id1_0_, posts0_.created_date as created_2_0_, posts0_.modified_date as modified3_0_, posts0_.author as author4_0_, posts0_.content as content5_0_, posts0_.title as title6_0_ from posts posts0_
>>>>>>>>> createDate=2023-01-29T17:14:24.505, modifiedDate=2023-01-29T17:14:24.505
Hibernate: select posts0_.id as id1_0_, posts0_.created_date as created_2_0_, posts0_.modified_date as modified3_0_, posts0_.author as author4_0_, posts0_.content as content5_0_, posts0_.title as title6_0_ from posts posts0_
Hibernate: delete from posts where id=?
]]></system-out>
  <system-err><![CDATA[]]></system-err>
</testsuite>
