<?xml version="1.0" encoding="UTF-8"?>
<testsuite name="com.poyo.springboot.web.PostsApiControllerTest" tests="2" skipped="0" failures="0" errors="0" timestamp="2023-01-29T08:14:21" hostname="JGYui-MacBookAir.local" time="0.431">
  <properties/>
  <testcase name="Posts_등록된다" classname="com.poyo.springboot.web.PostsApiControllerTest" time="0.373"/>
  <testcase name="Posts_수정된다" classname="com.poyo.springboot.web.PostsApiControllerTest" time="0.05"/>
  <system-out><![CDATA[2023-01-29 17:14:21.631  INFO 1567 --- [    Test worker] .b.t.c.SpringBootTestContextBootstrapper : Neither @ContextConfiguration nor @ContextHierarchy found for test class [com.poyo.springboot.web.PostsApiControllerTest], using SpringBootContextLoader
2023-01-29 17:14:21.635  INFO 1567 --- [    Test worker] o.s.t.c.support.AbstractContextLoader    : Could not detect default resource locations for test class [com.poyo.springboot.web.PostsApiControllerTest]: no resource found for suffixes {-context.xml, Context.groovy}.
2023-01-29 17:14:21.636  INFO 1567 --- [    Test worker] t.c.s.AnnotationConfigContextLoaderUtils : Could not detect default configuration classes for test class [com.poyo.springboot.web.PostsApiControllerTest]: PostsApiControllerTest does not declare any static, non-private, non-final, nested classes annotated with @Configuration.
2023-01-29 17:14:21.644  INFO 1567 --- [    Test worker] .b.t.c.SpringBootTestContextBootstrapper : Found @SpringBootConfiguration com.poyo.springboot.Application for test class com.poyo.springboot.web.PostsApiControllerTest
2023-01-29 17:14:21.653  INFO 1567 --- [    Test worker] .b.t.c.SpringBootTestContextBootstrapper : Loaded default TestExecutionListener class names from location [META-INF/spring.factories]: [org.springframework.security.test.context.support.WithSecurityContextTestExecutionListener, org.springframework.security.test.context.support.ReactorContextTestExecutionListener, org.springframework.boot.test.autoconfigure.restdocs.RestDocsTestExecutionListener, org.springframework.boot.test.autoconfigure.web.client.MockRestServiceServerResetTestExecutionListener, org.springframework.boot.test.autoconfigure.web.servlet.MockMvcPrintOnlyOnFailureTestExecutionListener, org.springframework.boot.test.autoconfigure.web.servlet.WebDriverTestExecutionListener, org.springframework.boot.test.mock.mockito.MockitoTestExecutionListener, org.springframework.boot.test.mock.mockito.ResetMocksTestExecutionListener, org.springframework.test.context.web.ServletTestExecutionListener, org.springframework.test.context.support.DirtiesContextBeforeModesTestExecutionListener, org.springframework.test.context.support.DependencyInjectionTestExecutionListener, org.springframework.test.context.support.DirtiesContextTestExecutionListener, org.springframework.test.context.transaction.TransactionalTestExecutionListener, org.springframework.test.context.jdbc.SqlScriptsTestExecutionListener]
2023-01-29 17:14:21.655  INFO 1567 --- [    Test worker] .b.t.c.SpringBootTestContextBootstrapper : Using TestExecutionListeners: [org.springframework.test.context.web.ServletTestExecutionListener@12acd553, org.springframework.test.context.support.DirtiesContextBeforeModesTestExecutionListener@4977b34b, org.springframework.boot.test.mock.mockito.MockitoTestExecutionListener@1b35d9a3, org.springframework.boot.test.autoconfigure.SpringBootDependencyInjectionTestExecutionListener@5dd5e57e, org.springframework.test.context.support.DirtiesContextTestExecutionListener@29a7a5da, org.springframework.test.context.transaction.TransactionalTestExecutionListener@5d3ea64e, org.springframework.test.context.jdbc.SqlScriptsTestExecutionListener@6873948b, org.springframework.security.test.context.support.WithSecurityContextTestExecutionListener@1a7f62ee, org.springframework.security.test.context.support.ReactorContextTestExecutionListener@ee29d0e, org.springframework.boot.test.autoconfigure.restdocs.RestDocsTestExecutionListener@2646464a, org.springframework.boot.test.autoconfigure.web.client.MockRestServiceServerResetTestExecutionListener@52e549c5, org.springframework.boot.test.autoconfigure.web.servlet.MockMvcPrintOnlyOnFailureTestExecutionListener@336c2965, org.springframework.boot.test.autoconfigure.web.servlet.WebDriverTestExecutionListener@297cc8eb, org.springframework.boot.test.mock.mockito.ResetMocksTestExecutionListener@3d9caf98]
2023-01-29 17:14:21.730  INFO 1567 --- [    Test worker] o.a.c.c.C.[Tomcat].[localhost].[/]       : Initializing Spring TestDispatcherServlet ''
2023-01-29 17:14:21.731  INFO 1567 --- [    Test worker] o.s.t.web.servlet.TestDispatcherServlet  : Initializing Servlet ''
2023-01-29 17:14:21.744  INFO 1567 --- [    Test worker] o.s.t.web.servlet.TestDispatcherServlet  : Completed initialization in 12 ms
Hibernate: insert into posts (created_date, modified_date, author, content, title) values (?, ?, ?, ?, ?)
Hibernate: select posts0_.id as id1_0_, posts0_.created_date as created_2_0_, posts0_.modified_date as modified3_0_, posts0_.author as author4_0_, posts0_.content as content5_0_, posts0_.title as title6_0_ from posts posts0_
Hibernate: select posts0_.id as id1_0_, posts0_.created_date as created_2_0_, posts0_.modified_date as modified3_0_, posts0_.author as author4_0_, posts0_.content as content5_0_, posts0_.title as title6_0_ from posts posts0_
Hibernate: delete from posts where id=?
2023-01-29 17:14:22.074  INFO 1567 --- [    Test worker] o.a.c.c.C.[Tomcat].[localhost].[/]       : Initializing Spring TestDispatcherServlet ''
2023-01-29 17:14:22.074  INFO 1567 --- [    Test worker] o.s.t.web.servlet.TestDispatcherServlet  : Initializing Servlet ''
2023-01-29 17:14:22.079  INFO 1567 --- [    Test worker] o.s.t.web.servlet.TestDispatcherServlet  : Completed initialization in 5 ms
Hibernate: insert into posts (created_date, modified_date, author, content, title) values (?, ?, ?, ?, ?)
Hibernate: select posts0_.id as id1_0_0_, posts0_.created_date as created_2_0_0_, posts0_.modified_date as modified3_0_0_, posts0_.author as author4_0_0_, posts0_.content as content5_0_0_, posts0_.title as title6_0_0_ from posts posts0_ where posts0_.id=?
Hibernate: update posts set created_date=?, modified_date=?, author=?, content=?, title=? where id=?
Hibernate: select posts0_.id as id1_0_, posts0_.created_date as created_2_0_, posts0_.modified_date as modified3_0_, posts0_.author as author4_0_, posts0_.content as content5_0_, posts0_.title as title6_0_ from posts posts0_
Hibernate: select posts0_.id as id1_0_, posts0_.created_date as created_2_0_, posts0_.modified_date as modified3_0_, posts0_.author as author4_0_, posts0_.content as content5_0_, posts0_.title as title6_0_ from posts posts0_
Hibernate: delete from posts where id=?
]]></system-out>
  <system-err><![CDATA[]]></system-err>
</testsuite>
